#
# A fatal error has been detected by the Java Runtime Environment:
#
#  EXCEPTION_ACCESS_VIOLATION (0xc0000005) at pc=0x00007ffc1cc3a9c0, pid=8868, tid=8912
#
# JRE version: Java(TM) SE Runtime Environment (19.0.2+7) (build 19.0.2+7-44)
# Java VM: Java HotSpot(TM) 64-Bit Server VM (19.0.2+7-44, mixed mode, sharing, tiered, compressed oops, compressed class ptrs, g1 gc, windows-amd64)
# Problematic frame:
# C  [ntdll.dll+0x2a9c0]
#
# No core dump will be written. Minidumps are not enabled by default on client versions of Windows
#
# If you would like to submit a bug report, please visit:
#   https://bugreport.java.com/bugreport/crash.jsp
#

---------------  S U M M A R Y ------------

Command Line: DemoModulesProtected.jar d1 p

Host: 11th Gen Intel(R) Core(TM) i7-11850H @ 2.50GHz, 4 cores, 3G,  Windows 10 , 64 bit Build 19041 (10.0.19041.2364)
Time: Tue Mar 28 15:51:36 2023 E. South America Standard Time elapsed time: 38.958204 seconds (0d 0h 0m 38s)

---------------  T H R E A D  ---------------

Current thread (0x0000027f64753180):  VMThread "VM Thread" [stack: 0x000000c682600000,0x000000c682700000] [id=8912]

Stack: [0x000000c682600000,0x000000c682700000],  sp=0x000000c6826fd300,  free space=1012k
Native frames: (J=compiled Java code, j=interpreted, Vv=VM code, C=native code)
C  [ntdll.dll+0x2a9c0]
C  [dhcpcsvc6.DLL+0x164e]


siginfo: EXCEPTION_ACCESS_VIOLATION (0xc0000005), reading address 0x0000000000000010


Registers:
RAX=0x0000000000000000, RBX=0x0000000000000000, RCX=0x0000000000000013, RDX=0x0000000000000000
RSP=0x000000c6826fd300, RBP=0x0000000000000003, RSI=0x0000000000000008, RDI=0x0000000000000070
R8 =0x0000000000000000, R9 =0x0000000000000000, R10=0x0000000000000000, R11=0x000000c6826fd3d0
R12=0x0000000000000002, R13=0x00007ffc1439b000, R14=0x0000000000000000, R15=0x0000027f00130140
RIP=0x00007ffc1cc3a9c0, EFLAGS=0x0000000000010202


Register to memory mapping:

RIP=0x00007ffc1cc3a9c0 ntdll.dll
RAX=0x0 is NULL
RBX=0x0 is NULL
RCX=0x0000000000000013 is an unknown value
RDX=0x0 is NULL
RSP=0x000000c6826fd300 points into unknown readable memory: 0x0000000000000000 | 00 00 00 00 00 00 00 00
RBP=0x0000000000000003 is an unknown value
RSI=0x0000000000000008 is an unknown value
RDI=0x0000000000000070 is an unknown value
R8 =0x0 is NULL
R9 =0x0 is NULL
R10=0x0 is NULL
R11=0x000000c6826fd3d0 points into unknown readable memory: 0x0000000000000000 | 00 00 00 00 00 00 00 00
R12=0x0000000000000002 is an unknown value
R13=0x00007ffc1439b000 dhcpcsvc6.DLL
R14=0x0 is NULL
R15=0x0000027f00130140 points into unknown readable memory: 0x0000000b000001c0 | c0 01 00 00 0b 00 00 00


Top of Stack: (sp=0x000000c6826fd300)
0x000000c6826fd300:   0000000000000000 0000000000000000
0x000000c6826fd310:   0000000000000000 0000000000000000
0x000000c6826fd320:   0000000000000000 0000000000000000
0x000000c6826fd330:   000000c6826fd408 00007ffc1439164e
0x000000c6826fd340:   0000000000000070 0000027f646dc210
0x000000c6826fd350:   0000027f646dc428 0000000000000000
0x000000c6826fd360:   000000c6826fd3d0 00007ffc1cca9a2c
0x000000c6826fd370:   0000000000000618 0000000000000100
0x000000c6826fd380:   0000000000000000 0000000000000000
0x000000c6826fd390:   0000027f00130140 0000000000000000
0x000000c6826fd3a0:   00007ffc196fa138 0000000000000000
0x000000c6826fd3b0:   0000000000000002 0000000000000002
0x000000c6826fd3c0:   0000027f00130140 00007ffc196d670e
0x000000c6826fd3d0:   0000000000000000 00007ffc00000002
0x000000c6826fd3e0:   000000c6826fd408 0000000000000000
0x000000c6826fd3f0:   00000000000000ff 0000027f646dc428 

Instructions: (pc=0x00007ffc1cc3a9c0)
0x00007ffc1cc3a8c0:   33 c7 45 85 c9 48 0f 45 c8 41 83 e6 03 4c 0b f1
0x00007ffc1cc3a8d0:   4d 89 70 10 e9 c3 fc ff ff 4d 8b 63 10 49 8b c4
0x00007ffc1cc3a8e0:   48 83 e0 fc 45 85 c9 0f 85 a8 81 08 00 49 3b c0
0x00007ffc1cc3a8f0:   0f 85 8f 00 00 00 49 8b c3 48 8b ca 48 33 c2 45
0x00007ffc1cc3a900:   85 c9 48 0f 45 c8 41 83 e4 03 4c 0b e1 4d 89 63
0x00007ffc1cc3a910:   10 e9 a9 fd ff ff 49 8b 03 45 85 f6 0f 85 51 80
0x00007ffc1cc3a920:   08 00 48 3b c7 75 5e 49 8b cb 48 8b c2 48 33 ca
0x00007ffc1cc3a930:   45 85 f6 48 0f 45 c1 49 89 03 e9 89 fe ff ff 4c
0x00007ffc1cc3a940:   3b ef 75 41 4c 8b ea e9 7c fe ff ff 4d 8b 61 10
0x00007ffc1cc3a950:   49 8b c4 48 83 e0 fc 45 85 f6 0f 85 46 80 08 00
0x00007ffc1cc3a960:   48 3b c2 75 20 49 8b c1 48 8b cf 48 33 c7 45 85
0x00007ffc1cc3a970:   f6 48 0f 45 c8 41 83 e4 03 4c 0b e1 4d 89 61 10
0x00007ffc1cc3a980:   e9 6d fe ff ff b9 1d 00 00 00 cd 29 cc cc cc cc
0x00007ffc1cc3a990:   cc cc cc cc cc cc cc cc cc cc cc cc cc cc cc cc
0x00007ffc1cc3a9a0:   48 89 5c 24 08 48 89 74 24 10 57 48 83 ec 30 49
0x00007ffc1cc3a9b0:   8b f8 8b f2 48 8b d9 48 85 c9 0f 84 b8 81 08 00
0x00007ffc1cc3a9c0:   81 7b 10 ee dd ee dd 44 8b c6 48 8b d7 48 8b cb
0x00007ffc1cc3a9d0:   74 20 f6 05 2f 28 14 00 02 75 2b 45 33 c9 48 8b
0x00007ffc1cc3a9e0:   5c 24 40 48 8b 74 24 48 48 83 c4 30 5f e9 2e 00
0x00007ffc1cc3a9f0:   00 00 48 8b 5c 24 40 48 8b 74 24 48 48 83 c4 30
0x00007ffc1cc3aa00:   5f e9 6a 18 00 00 48 8b 5c 24 40 48 8b 74 24 48
0x00007ffc1cc3aa10:   48 83 c4 30 5f e9 9a d0 fd ff cc cc cc cc cc cc
0x00007ffc1cc3aa20:   48 89 5c 24 10 66 44 89 4c 24 20 55 56 57 41 54
0x00007ffc1cc3aa30:   41 55 41 56 41 57 48 8d 6c 24 d9 48 81 ec d0 00
0x00007ffc1cc3aa40:   00 00 45 33 f6 45 0f b7 e9 81 79 10 ee dd ee dd
0x00007ffc1cc3aa50:   45 8b f8 4c 8b e2 48 8b f1 0f 85 0c 08 00 00 41
0x00007ffc1cc3aa60:   b8 00 01 00 00 45 85 ff 75 05 41 8b ce eb 67 41
0x00007ffc1cc3aa70:   83 ff 08 75 06 41 8d 4f fa eb 5b 41 8b c7 41 8b
0x00007ffc1cc3aa80:   cf 83 e1 01 8b d1 83 ca 02 24 08 41 8b c7 0f 44
0x00007ffc1cc3aa90:   d1 8b ca 0f ba e9 1f 24 04 41 8b c7 0f 44 ca 8b
0x00007ffc1cc3aaa0:   d1 41 0b d0 41 23 c0 41 8b c7 0f 44 d1 25 00 0e
0x00007ffc1cc3aab0:   00 00 8b ca 0b c8 85 c0 41 8b c7 0f 44 ca 8b d1 


Stack slot to memory mapping:
stack at sp + 0 slots: 0x0 is NULL
stack at sp + 1 slots: 0x0 is NULL
stack at sp + 2 slots: 0x0 is NULL
stack at sp + 3 slots: 0x0 is NULL
stack at sp + 4 slots: 0x0 is NULL
stack at sp + 5 slots: 0x0 is NULL
stack at sp + 6 slots: 0x000000c6826fd408 points into unknown readable memory: 0x0000000000000000 | 00 00 00 00 00 00 00 00
stack at sp + 7 slots: 0x00007ffc1439164e dhcpcsvc6.DLL

VM_Operation (0x000000c683a3e8a0): Exit, mode: safepoint, requested by thread 0x0000027f087c3c00


---------------  P R O C E S S  ---------------

Threads class SMR info:
_java_thread_list=0x0000027f085c25f0, length=14, elements={
0x0000027f00128d90, 0x0000027f00129b80, 0x0000027f00130a70, 0x0000027f001313a0,
0x0000027f00131cd0, 0x0000027f0013a940, 0x0000027f00148430, 0x0000027f0014cdc0,
0x0000027f0447dca0, 0x0000027f044a0f50, 0x0000027f046d1800, 0x0000027f08610010,
0x0000027f087c3c00, 0x0000027f001e8790
}

Java Threads: ( => current thread )
  0x0000027f00128d90 JavaThread "Reference Handler" daemon [_thread_blocked, id=8916, stack(0x000000c682700000,0x000000c682800000)]
  0x0000027f00129b80 JavaThread "Finalizer" daemon [_thread_blocked, id=8920, stack(0x000000c682800000,0x000000c682900000)]
  0x0000027f00130a70 JavaThread "Attach Listener" daemon [_thread_blocked, id=8928, stack(0x000000c682a00000,0x000000c682b00000)]
  0x0000027f001313a0 JavaThread "Service Thread" daemon [_thread_blocked, id=8932, stack(0x000000c682b00000,0x000000c682c00000)]
  0x0000027f00131cd0 JavaThread "Monitor Deflation Thread" daemon [_thread_blocked, id=8936, stack(0x000000c682c00000,0x000000c682d00000)]
  0x0000027f0013a940 JavaThread "C2 CompilerThread0" daemon [_thread_blocked, id=8940, stack(0x000000c682d00000,0x000000c682e00000)]
  0x0000027f00148430 JavaThread "C1 CompilerThread0" daemon [_thread_blocked, id=8944, stack(0x000000c682e00000,0x000000c682f00000)]
  0x0000027f0014cdc0 JavaThread "Sweeper thread" daemon [_thread_blocked, id=8948, stack(0x000000c682f00000,0x000000c683000000)]
  0x0000027f0447dca0 JavaThread "Notification Thread" daemon [_thread_blocked, id=8952, stack(0x000000c683000000,0x000000c683100000)]
  0x0000027f044a0f50 JavaThread "Common-Cleaner" daemon [_thread_blocked, id=8960, stack(0x000000c683200000,0x000000c683300000)]
  0x0000027f046d1800 JavaThread "Java2D Disposer" daemon [_thread_blocked, id=9160, stack(0x000000c683540000,0x000000c683640000)]
  0x0000027f08610010 JavaThread "AWT-Shutdown" [_thread_blocked, id=9164, stack(0x000000c683640000,0x000000c683740000)]
  0x0000027f087c3c00 JavaThread "AWT-EventQueue-0" [_thread_blocked, id=9176, stack(0x000000c683940000,0x000000c683a40000)]
  0x0000027f001e8790 JavaThread "DestroyJavaVM" [_thread_blocked, id=8888, stack(0x000000c682000000,0x000000c682100000)]

Other Threads:
=>0x0000027f64753180 VMThread "VM Thread" [stack: 0x000000c682600000,0x000000c682700000] [id=8912]
  0x0000027f646c99d0 WorkerThread "GC Thread#0" [stack: 0x000000c682100000,0x000000c682200000] [id=8892]
  0x0000027f646d3df0 ConcurrentGCThread "G1 Main Marker" terminated
  0x0000027f646d4730 WorkerThread "G1 Conc#0" [stack: 0x000000c682300000,0x000000c682400000] [id=8900]
  0x0000027f6472f6e0 ConcurrentGCThread "G1 Refine#0" terminated
  0x0000027f64730130 ConcurrentGCThread "G1 Service" terminated

Threads with active compile tasks:

VM state: at safepoint (shutting down)

VM Mutex/Monitor currently owned by a thread:  ([mutex/lock_event])
[0x0000027f64680c80] Threads_lock - owner thread: 0x0000027f64753180
[0x0000027f646826f0] Heap_lock - owner thread: 0x0000027f087c3c00

Heap address: 0x00000000c0000000, size: 1024 MB, Compressed Oops mode: 32-bit

CDS archive(s) mapped at: [0x0000000800000000-0x0000000800c40000-0x0000000800c40000), size 12845056, SharedBaseAddress: 0x0000000800000000, ArchiveRelocationMode: 0.
Compressed class space mapped at: 0x0000000801000000-0x0000000841000000, reserved size: 1073741824
Narrow klass base: 0x0000000800000000, Narrow klass shift: 0, Narrow klass range: 0x100000000

GC Precious Log:
 CardTable entry size: 512
 Card Set container configuration: InlinePtr #cards 5 size 8 Array Of Cards #cards 12 size 40 Howl #buckets 4 coarsen threshold 1843 Howl Bitmap #cards 512 size 80 coarsen threshold 460 Card regions per heap region 1 cards per card region 2048
 CPUs: 4 total, 4 available
 Memory: 4095M
 Large Page Support: Disabled
 NUMA Support: Disabled
 Compressed Oops: Enabled (32-bit)
 Heap Region Size: 1M
 Heap Min Capacity: 8M
 Heap Initial Capacity: 64M
 Heap Max Capacity: 1G
 Pre-touch: Disabled
 Parallel Workers: 4
 Concurrent Workers: 1
 Concurrent Refinement Workers: 4
 Periodic GC: Disabled

Heap:
 garbage-first heap   total 65536K, used 8192K [0x00000000c0000000, 0x0000000100000000)
  region size 1024K, 9 young (9216K), 0 survivors (0K)
 Metaspace       used 8087K, committed 8320K, reserved 1114112K
  class space    used 861K, committed 960K, reserved 1048576K

Heap Regions: E=young(eden), S=young(survivor), O=old, HS=humongous(starts), HC=humongous(continues), CS=collection set, F=free, OA=open archive, CA=closed archive, TAMS=top-at-mark-start (previous, next)
|   0|0x00000000c0000000, 0x00000000c0000000, 0x00000000c0100000|  0%| F|  |TAMS 0x00000000c0000000, 0x00000000c0000000| Untracked 
|   1|0x00000000c0100000, 0x00000000c0100000, 0x00000000c0200000|  0%| F|  |TAMS 0x00000000c0100000, 0x00000000c0100000| Untracked 
|   2|0x00000000c0200000, 0x00000000c0200000, 0x00000000c0300000|  0%| F|  |TAMS 0x00000000c0200000, 0x00000000c0200000| Untracked 
|   3|0x00000000c0300000, 0x00000000c0300000, 0x00000000c0400000|  0%| F|  |TAMS 0x00000000c0300000, 0x00000000c0300000| Untracked 
|   4|0x00000000c0400000, 0x00000000c0400000, 0x00000000c0500000|  0%| F|  |TAMS 0x00000000c0400000, 0x00000000c0400000| Untracked 
|   5|0x00000000c0500000, 0x00000000c0500000, 0x00000000c0600000|  0%| F|  |TAMS 0x00000000c0500000, 0x00000000c0500000| Untracked 
|   6|0x00000000c0600000, 0x00000000c0600000, 0x00000000c0700000|  0%| F|  |TAMS 0x00000000c0600000, 0x00000000c0600000| Untracked 
|   7|0x00000000c0700000, 0x00000000c0700000, 0x00000000c0800000|  0%| F|  |TAMS 0x00000000c0700000, 0x00000000c0700000| Untracked 
|   8|0x00000000c0800000, 0x00000000c0800000, 0x00000000c0900000|  0%| F|  |TAMS 0x00000000c0800000, 0x00000000c0800000| Untracked 
|   9|0x00000000c0900000, 0x00000000c0900000, 0x00000000c0a00000|  0%| F|  |TAMS 0x00000000c0900000, 0x00000000c0900000| Untracked 
|  10|0x00000000c0a00000, 0x00000000c0a00000, 0x00000000c0b00000|  0%| F|  |TAMS 0x00000000c0a00000, 0x00000000c0a00000| Untracked 
|  11|0x00000000c0b00000, 0x00000000c0b00000, 0x00000000c0c00000|  0%| F|  |TAMS 0x00000000c0b00000, 0x00000000c0b00000| Untracked 
|  12|0x00000000c0c00000, 0x00000000c0c00000, 0x00000000c0d00000|  0%| F|  |TAMS 0x00000000c0c00000, 0x00000000c0c00000| Untracked 
|  13|0x00000000c0d00000, 0x00000000c0d00000, 0x00000000c0e00000|  0%| F|  |TAMS 0x00000000c0d00000, 0x00000000c0d00000| Untracked 
|  14|0x00000000c0e00000, 0x00000000c0e00000, 0x00000000c0f00000|  0%| F|  |TAMS 0x00000000c0e00000, 0x00000000c0e00000| Untracked 
|  15|0x00000000c0f00000, 0x00000000c0f00000, 0x00000000c1000000|  0%| F|  |TAMS 0x00000000c0f00000, 0x00000000c0f00000| Untracked 
|  16|0x00000000c1000000, 0x00000000c1000000, 0x00000000c1100000|  0%| F|  |TAMS 0x00000000c1000000, 0x00000000c1000000| Untracked 
|  17|0x00000000c1100000, 0x00000000c1100000, 0x00000000c1200000|  0%| F|  |TAMS 0x00000000c1100000, 0x00000000c1100000| Untracked 
|  18|0x00000000c1200000, 0x00000000c1200000, 0x00000000c1300000|  0%| F|  |TAMS 0x00000000c1200000, 0x00000000c1200000| Untracked 
|  19|0x00000000c1300000, 0x00000000c1300000, 0x00000000c1400000|  0%| F|  |TAMS 0x00000000c1300000, 0x00000000c1300000| Untracked 
|  20|0x00000000c1400000, 0x00000000c1400000, 0x00000000c1500000|  0%| F|  |TAMS 0x00000000c1400000, 0x00000000c1400000| Untracked 
|  21|0x00000000c1500000, 0x00000000c1500000, 0x00000000c1600000|  0%| F|  |TAMS 0x00000000c1500000, 0x00000000c1500000| Untracked 
|  22|0x00000000c1600000, 0x00000000c1600000, 0x00000000c1700000|  0%| F|  |TAMS 0x00000000c1600000, 0x00000000c1600000| Untracked 
|  23|0x00000000c1700000, 0x00000000c1700000, 0x00000000c1800000|  0%| F|  |TAMS 0x00000000c1700000, 0x00000000c1700000| Untracked 
|  24|0x00000000c1800000, 0x00000000c1800000, 0x00000000c1900000|  0%| F|  |TAMS 0x00000000c1800000, 0x00000000c1800000| Untracked 
|  25|0x00000000c1900000, 0x00000000c1900000, 0x00000000c1a00000|  0%| F|  |TAMS 0x00000000c1900000, 0x00000000c1900000| Untracked 
|  26|0x00000000c1a00000, 0x00000000c1a00000, 0x00000000c1b00000|  0%| F|  |TAMS 0x00000000c1a00000, 0x00000000c1a00000| Untracked 
|  27|0x00000000c1b00000, 0x00000000c1b00000, 0x00000000c1c00000|  0%| F|  |TAMS 0x00000000c1b00000, 0x00000000c1b00000| Untracked 
|  28|0x00000000c1c00000, 0x00000000c1c00000, 0x00000000c1d00000|  0%| F|  |TAMS 0x00000000c1c00000, 0x00000000c1c00000| Untracked 
|  29|0x00000000c1d00000, 0x00000000c1d00000, 0x00000000c1e00000|  0%| F|  |TAMS 0x00000000c1d00000, 0x00000000c1d00000| Untracked 
|  30|0x00000000c1e00000, 0x00000000c1e00000, 0x00000000c1f00000|  0%| F|  |TAMS 0x00000000c1e00000, 0x00000000c1e00000| Untracked 
|  31|0x00000000c1f00000, 0x00000000c1f00000, 0x00000000c2000000|  0%| F|  |TAMS 0x00000000c1f00000, 0x00000000c1f00000| Untracked 
|  32|0x00000000c2000000, 0x00000000c2000000, 0x00000000c2100000|  0%| F|  |TAMS 0x00000000c2000000, 0x00000000c2000000| Untracked 
|  33|0x00000000c2100000, 0x00000000c2100000, 0x00000000c2200000|  0%| F|  |TAMS 0x00000000c2100000, 0x00000000c2100000| Untracked 
|  34|0x00000000c2200000, 0x00000000c2200000, 0x00000000c2300000|  0%| F|  |TAMS 0x00000000c2200000, 0x00000000c2200000| Untracked 
|  35|0x00000000c2300000, 0x00000000c2300000, 0x00000000c2400000|  0%| F|  |TAMS 0x00000000c2300000, 0x00000000c2300000| Untracked 
|  36|0x00000000c2400000, 0x00000000c2400000, 0x00000000c2500000|  0%| F|  |TAMS 0x00000000c2400000, 0x00000000c2400000| Untracked 
|  37|0x00000000c2500000, 0x00000000c2500000, 0x00000000c2600000|  0%| F|  |TAMS 0x00000000c2500000, 0x00000000c2500000| Untracked 
|  38|0x00000000c2600000, 0x00000000c2600000, 0x00000000c2700000|  0%| F|  |TAMS 0x00000000c2600000, 0x00000000c2600000| Untracked 
|  39|0x00000000c2700000, 0x00000000c2700000, 0x00000000c2800000|  0%| F|  |TAMS 0x00000000c2700000, 0x00000000c2700000| Untracked 
|  40|0x00000000c2800000, 0x00000000c2800000, 0x00000000c2900000|  0%| F|  |TAMS 0x00000000c2800000, 0x00000000c2800000| Untracked 
|  41|0x00000000c2900000, 0x00000000c2900000, 0x00000000c2a00000|  0%| F|  |TAMS 0x00000000c2900000, 0x00000000c2900000| Untracked 
|  42|0x00000000c2a00000, 0x00000000c2a00000, 0x00000000c2b00000|  0%| F|  |TAMS 0x00000000c2a00000, 0x00000000c2a00000| Untracked 
|  43|0x00000000c2b00000, 0x00000000c2b00000, 0x00000000c2c00000|  0%| F|  |TAMS 0x00000000c2b00000, 0x00000000c2b00000| Untracked 
|  44|0x00000000c2c00000, 0x00000000c2c00000, 0x00000000c2d00000|  0%| F|  |TAMS 0x00000000c2c00000, 0x00000000c2c00000| Untracked 
|  45|0x00000000c2d00000, 0x00000000c2d00000, 0x00000000c2e00000|  0%| F|  |TAMS 0x00000000c2d00000, 0x00000000c2d00000| Untracked 
|  46|0x00000000c2e00000, 0x00000000c2e00000, 0x00000000c2f00000|  0%| F|  |TAMS 0x00000000c2e00000, 0x00000000c2e00000| Untracked 
|  47|0x00000000c2f00000, 0x00000000c2f00000, 0x00000000c3000000|  0%| F|  |TAMS 0x00000000c2f00000, 0x00000000c2f00000| Untracked 
|  48|0x00000000c3000000, 0x00000000c3000000, 0x00000000c3100000|  0%| F|  |TAMS 0x00000000c3000000, 0x00000000c3000000| Untracked 
|  49|0x00000000c3100000, 0x00000000c3100000, 0x00000000c3200000|  0%| F|  |TAMS 0x00000000c3100000, 0x00000000c3100000| Untracked 
|  50|0x00000000c3200000, 0x00000000c3200000, 0x00000000c3300000|  0%| F|  |TAMS 0x00000000c3200000, 0x00000000c3200000| Untracked 
|  51|0x00000000c3300000, 0x00000000c3300000, 0x00000000c3400000|  0%| F|  |TAMS 0x00000000c3300000, 0x00000000c3300000| Untracked 
|  52|0x00000000c3400000, 0x00000000c3400000, 0x00000000c3500000|  0%| F|  |TAMS 0x00000000c3400000, 0x00000000c3400000| Untracked 
|  53|0x00000000c3500000, 0x00000000c3500000, 0x00000000c3600000|  0%| F|  |TAMS 0x00000000c3500000, 0x00000000c3500000| Untracked 
|  54|0x00000000c3600000, 0x00000000c3600000, 0x00000000c3700000|  0%| F|  |TAMS 0x00000000c3600000, 0x00000000c3600000| Untracked 
|  55|0x00000000c3700000, 0x00000000c37c8348, 0x00000000c3800000| 78%| E|  |TAMS 0x00000000c3700000, 0x00000000c3700000| Complete 
|  56|0x00000000c3800000, 0x00000000c3900000, 0x00000000c3900000|100%| E|CS|TAMS 0x00000000c3800000, 0x00000000c3800000| Complete 
|  57|0x00000000c3900000, 0x00000000c3a00000, 0x00000000c3a00000|100%| E|CS|TAMS 0x00000000c3900000, 0x00000000c3900000| Complete 
|  58|0x00000000c3a00000, 0x00000000c3b00000, 0x00000000c3b00000|100%| E|CS|TAMS 0x00000000c3a00000, 0x00000000c3a00000| Complete 
|  59|0x00000000c3b00000, 0x00000000c3c00000, 0x00000000c3c00000|100%| E|CS|TAMS 0x00000000c3b00000, 0x00000000c3b00000| Complete 
|  60|0x00000000c3c00000, 0x00000000c3d00000, 0x00000000c3d00000|100%| E|CS|TAMS 0x00000000c3c00000, 0x00000000c3c00000| Complete 
|  61|0x00000000c3d00000, 0x00000000c3e00000, 0x00000000c3e00000|100%| E|CS|TAMS 0x00000000c3d00000, 0x00000000c3d00000| Complete 
|  62|0x00000000c3e00000, 0x00000000c3f00000, 0x00000000c3f00000|100%| E|CS|TAMS 0x00000000c3e00000, 0x00000000c3e00000| Complete 
|  63|0x00000000c3f00000, 0x00000000c4000000, 0x00000000c4000000|100%| E|CS|TAMS 0x00000000c3f00000, 0x00000000c3f00000| Complete 

Card table byte_map: [0x0000027f7b800000,0x0000027f7ba00000] _byte_map_base: 0x0000027f7b200000

Marking Bits (Prev, Next): (CMBitMap*) 0x0000027f646cb320, (CMBitMap*) 0x0000027f646cb360
 Prev Bits: [0x0000027f7bc00000, 0x0000027f7cc00000)
 Next Bits: [0x0000027f7cc00000, 0x0000027f7dc00000)

Polling page: 0x0000027f624c0000

Metaspace:

Usage:
  Non-class:      7.06 MB used.
      Class:    861.42 KB used.
       Both:      7.90 MB used.

Virtual space:
  Non-class space:       64.00 MB reserved,       7.19 MB ( 11%) committed,  1 nodes.
      Class space:        1.00 GB reserved,     960.00 KB ( <1%) committed,  1 nodes.
             Both:        1.06 GB reserved,       8.12 MB ( <1%) committed. 

Chunk freelists:
   Non-Class:  494.00 KB
       Class:  3.10 MB
        Both:  3.58 MB

MaxMetaspaceSize: unlimited
CompressedClassSpaceSize: 1.00 GB
Initial GC threshold: 21.00 MB
Current GC threshold: 21.00 MB
CDS: on
MetaspaceReclaimPolicy: balanced
 - commit_granule_bytes: 65536.
 - commit_granule_words: 8192.
 - virtual_space_node_default_size: 8388608.
 - enlarge_chunks_in_place: 1.
 - new_chunks_are_fully_committed: 0.
 - uncommit_free_chunks: 1.
 - use_allocation_guard: 0.


Internal statistics:

num_allocs_failed_limit: 0.
num_arena_births: 162.
num_arena_deaths: 0.
num_vsnodes_births: 2.
num_vsnodes_deaths: 0.
num_space_committed: 130.
num_space_uncommitted: 0.
num_chunks_returned_to_freelist: 0.
num_chunks_taken_from_freelist: 184.
num_chunk_merges: 0.
num_chunk_splits: 126.
num_chunks_enlarged: 82.
num_inconsistent_stats: 0.

CodeHeap 'non-profiled nmethods': size=120000Kb used=329Kb max_used=329Kb free=119670Kb
 bounds [0x0000027f740d0000, 0x0000027f74340000, 0x0000027f7b600000]
CodeHeap 'profiled nmethods': size=120000Kb used=2113Kb max_used=2113Kb free=117886Kb
 bounds [0x0000027f6c600000, 0x0000027f6c870000, 0x0000027f73b30000]
CodeHeap 'non-nmethods': size=5760Kb used=1386Kb max_used=1403Kb free=4373Kb
 bounds [0x0000027f73b30000, 0x0000027f73da0000, 0x0000027f740d0000]
 total_blobs=1855 nmethods=1235 adapters=531
 compilation: enabled
              stopped_count=0, restarted_count=0
 full_count=0

Compilation events (20 events):
Event: 37.571 Thread 0x0000027f00148430 1226   !   3       sun.java2d.SurfaceData::convertTo (24 bytes)
Event: 37.572 Thread 0x0000027f00148430 nmethod 1226 0x0000027f6c80b690 code [0x0000027f6c80b8a0, 0x0000027f6c80be88]
Event: 37.572 Thread 0x0000027f00148430 1227       3       java.awt.Window::getBackground (5 bytes)
Event: 37.572 Thread 0x0000027f00148430 nmethod 1227 0x0000027f6c80c190 code [0x0000027f6c80c360, 0x0000027f6c80c688]
Event: 37.579 Thread 0x0000027f00148430 1228       3       java.util.WeakHashMap::indexFor (6 bytes)
Event: 37.579 Thread 0x0000027f00148430 nmethod 1228 0x0000027f6c80c790 code [0x0000027f6c80c920, 0x0000027f6c80ca18]
Event: 37.581 Thread 0x0000027f00148430 1229       3       sun.java2d.SunGraphics2D::constrain (216 bytes)
Event: 37.581 Thread 0x0000027f00148430 nmethod 1229 0x0000027f6c80ca90 code [0x0000027f6c80cd40, 0x0000027f6c80d718]
Event: 37.584 Thread 0x0000027f00148430 1230       3       java.awt.Color::getTransparency (22 bytes)
Event: 37.585 Thread 0x0000027f00148430 nmethod 1230 0x0000027f6c80db10 code [0x0000027f6c80dcc0, 0x0000027f6c80e018]
Event: 37.596 Thread 0x0000027f00148430 1231       3       sun.java2d.SunGraphics2D::transformShape (36 bytes)
Event: 37.596 Thread 0x0000027f00148430 nmethod 1231 0x0000027f6c80e110 code [0x0000027f6c80e2e0, 0x0000027f6c80e538]
Event: 37.642 Thread 0x0000027f00148430 1232       3       java.awt.Rectangle::setLocation (7 bytes)
Event: 37.642 Thread 0x0000027f00148430 nmethod 1232 0x0000027f6c80e610 code [0x0000027f6c80e7c0, 0x0000027f6c80e938]
Event: 37.642 Thread 0x0000027f00148430 1233       3       java.awt.Rectangle::move (11 bytes)
Event: 37.643 Thread 0x0000027f00148430 nmethod 1233 0x0000027f6c80ea10 code [0x0000027f6c80eba0, 0x0000027f6c80ecb8]
Event: 37.647 Thread 0x0000027f00148430 1234       3       sun.java2d.pipe.BufferedPaints::setPaint (125 bytes)
Event: 37.648 Thread 0x0000027f00148430 nmethod 1234 0x0000027f6c80ed90 code [0x0000027f6c80f020, 0x0000027f6c80fba8]
Event: 37.648 Thread 0x0000027f00148430 1235       3       sun.java2d.pipe.BufferedPaints::setColor (25 bytes)
Event: 37.648 Thread 0x0000027f00148430 nmethod 1235 0x0000027f6c80ff10 code [0x0000027f6c810100, 0x0000027f6c810468]

GC Heap History (0 events):
No events

Dll operation events (11 events):
Event: 0.008 Loaded shared library C:\Program Files\Java\jdk-19\bin\java.dll
Event: 0.026 Loaded shared library C:\Program Files\Java\jdk-19\bin\jsvml.dll
Event: 0.061 Loaded shared library C:\Program Files\Java\jdk-19\bin\net.dll
Event: 0.063 Loaded shared library C:\Program Files\Java\jdk-19\bin\nio.dll
Event: 0.076 Loaded shared library C:\Program Files\Java\jdk-19\bin\zip.dll
Event: 0.292 Loaded shared library Z:\Thales\Demos_Apps\Modules\DemoModules\protected\sntljavaclsrt_x64.dll
Event: 2.421 Loaded shared library Z:\Thales\Demos_Apps\Modules\DemoModules\protected\HASPJava_x64.dll
Event: 2.427 Loaded shared library C:\Program Files\Java\jdk-19\bin\jimage.dll
Event: 3.274 Loaded shared library C:\Program Files\Java\jdk-19\bin\awt.dll
Event: 3.432 Loaded shared library C:\Program Files\Java\jdk-19\bin\freetype.dll
Event: 3.434 Loaded shared library C:\Program Files\Java\jdk-19\bin\fontmanager.dll

Deoptimization events (20 events):
Event: 17.963 Thread 0x0000027f087c3c00 Uncommon trap: trap_request=0xffffffde fr.pc=0x0000027f740f123c relative=0x000000000000019c
Event: 17.963 Thread 0x0000027f087c3c00 Uncommon trap: reason=class_check action=maybe_recompile pc=0x0000027f740f123c method=java.lang.String.equals(Ljava/lang/Object;)Z @ 8 c2
Event: 17.963 Thread 0x0000027f087c3c00 DEOPT PACKING pc=0x0000027f740f123c sp=0x000000c683a3de10
Event: 17.963 Thread 0x0000027f087c3c00 DEOPT UNPACKING pc=0x0000027f73b9a5a3 sp=0x000000c683a3ddb8 mode 2
Event: 17.963 Thread 0x0000027f087c3c00 Uncommon trap: trap_request=0xffffffde fr.pc=0x0000027f740f123c relative=0x000000000000019c
Event: 17.963 Thread 0x0000027f087c3c00 Uncommon trap: reason=class_check action=maybe_recompile pc=0x0000027f740f123c method=java.lang.String.equals(Ljava/lang/Object;)Z @ 8 c2
Event: 17.963 Thread 0x0000027f087c3c00 DEOPT PACKING pc=0x0000027f740f123c sp=0x000000c683a3dd90
Event: 17.963 Thread 0x0000027f087c3c00 DEOPT UNPACKING pc=0x0000027f73b9a5a3 sp=0x000000c683a3dd38 mode 2
Event: 17.963 Thread 0x0000027f087c3c00 Uncommon trap: trap_request=0xffffffde fr.pc=0x0000027f740f123c relative=0x000000000000019c
Event: 17.963 Thread 0x0000027f087c3c00 Uncommon trap: reason=class_check action=maybe_recompile pc=0x0000027f740f123c method=java.lang.String.equals(Ljava/lang/Object;)Z @ 8 c2
Event: 17.963 Thread 0x0000027f087c3c00 DEOPT PACKING pc=0x0000027f740f123c sp=0x000000c683a3dd00
Event: 17.963 Thread 0x0000027f087c3c00 DEOPT UNPACKING pc=0x0000027f73b9a5a3 sp=0x000000c683a3dca8 mode 2
Event: 17.970 Thread 0x0000027f64686a20 Uncommon trap: trap_request=0xffffff45 fr.pc=0x0000027f740fbe6c relative=0x00000000000004ac
Event: 17.970 Thread 0x0000027f64686a20 Uncommon trap: reason=unstable_if action=reinterpret pc=0x0000027f740fbe6c method=java.lang.StringLatin1.replace([BCC)Ljava/lang/String; @ 19 c2
Event: 17.970 Thread 0x0000027f64686a20 DEOPT PACKING pc=0x0000027f740fbe6c sp=0x000000c6820fe5f0
Event: 17.970 Thread 0x0000027f64686a20 DEOPT UNPACKING pc=0x0000027f73b9a5a3 sp=0x000000c6820fe570 mode 2
Event: 32.576 Thread 0x0000027f087c3c00 Uncommon trap: trap_request=0xffffffde fr.pc=0x0000027f740f123c relative=0x000000000000019c
Event: 32.576 Thread 0x0000027f087c3c00 Uncommon trap: reason=class_check action=maybe_recompile pc=0x0000027f740f123c method=java.lang.String.equals(Ljava/lang/Object;)Z @ 8 c2
Event: 32.576 Thread 0x0000027f087c3c00 DEOPT PACKING pc=0x0000027f740f123c sp=0x000000c683a3cf40
Event: 32.576 Thread 0x0000027f087c3c00 DEOPT UNPACKING pc=0x0000027f73b9a5a3 sp=0x000000c683a3ced8 mode 2

Classes loaded (20 events):
Event: 29.663 Loading class javax/swing/ClientPropertyKey
Event: 29.663 Loading class javax/swing/ClientPropertyKey done
Event: 29.663 Loading class javax/swing/ClientPropertyKey$1
Event: 29.663 Loading class sun/awt/AWTAccessor$ClientPropertyKeyAccessor
Event: 29.663 Loading class sun/awt/AWTAccessor$ClientPropertyKeyAccessor done
Event: 29.663 Loading class javax/swing/ClientPropertyKey$1 done
Event: 29.796 Loading class java/awt/HeadlessException
Event: 29.796 Loading class java/lang/UnsupportedOperationException
Event: 29.797 Loading class java/lang/UnsupportedOperationException done
Event: 29.797 Loading class java/awt/HeadlessException done
Event: 31.424 Loading class java/awt/Dialog$1
Event: 31.425 Loading class java/awt/Dialog$1 done
Event: 31.425 Loading class sun/awt/windows/WFileDialogPeer
Event: 31.425 Loading class java/awt/peer/FileDialogPeer
Event: 31.425 Loading class java/awt/peer/FileDialogPeer done
Event: 31.425 Loading class sun/awt/windows/WFileDialogPeer done
Event: 31.425 Loading class sun/awt/windows/WPrintDialogPeer
Event: 31.426 Loading class sun/awt/windows/WPrintDialogPeer done
Event: 31.432 Loading class java/awt/WaitDispatchSupport$4
Event: 31.432 Loading class java/awt/WaitDispatchSupport$4 done

Classes unloaded (0 events):
No events

Classes redefined (0 events):
No events

Internal exceptions (16 events):
Event: 2.366 Thread 0x0000027f64686a20 Exception <a 'java/lang/NoSuchMethodError'{0x00000000c3e36728}: 'void java.lang.invoke.DirectMethodHandle$Holder.invokeStatic(java.lang.Object, java.lang.Object)'> (0x00000000c3e36728) 
thrown [s\open\src\hotspot\share\interpreter\linkResolver.cpp, line 774]
Event: 2.368 Thread 0x0000027f64686a20 Exception <a 'java/lang/NoSuchMethodError'{0x00000000c3e41f30}: 'void java.lang.invoke.DirectMethodHandle$Holder.invokeSpecial(java.lang.Object, java.lang.Object, java.lang.Object)'> (0x00000000c3e41f30) 
thrown [s\open\src\hotspot\share\interpreter\linkResolver.cpp, line 774]
Event: 2.422 Thread 0x0000027f64686a20 Exception <a 'java/lang/NoSuchMethodError'{0x00000000c3eb2238}: 'java.lang.Object java.lang.invoke.DirectMethodHandle$Holder.invokeStaticInit(java.lang.Object)'> (0x00000000c3eb2238) 
thrown [s\open\src\hotspot\share\interpreter\linkResolver.cpp, line 774]
Event: 2.425 Thread 0x0000027f64686a20 Exception <a 'java/lang/NoSuchMethodError'{0x00000000c3ec4dd0}: 'java.lang.Object java.lang.invoke.DirectMethodHandle$Holder.invokeInterface(java.lang.Object, java.lang.Object)'> (0x00000000c3ec4dd0) 
thrown [s\open\src\hotspot\share\interpreter\linkResolver.cpp, line 774]
Event: 3.267 Thread 0x0000027f64686a20 Exception <a 'java/lang/ClassNotFoundException'{0x00000000c3ef11c8}: sun/awt/resources/spi/awtProvider> (0x00000000c3ef11c8) 
thrown [s\open\src\hotspot\share\classfile\systemDictionary.cpp, line 255]
Event: 3.282 Thread 0x0000027f64686a20 Exception <a 'java/io/FileNotFoundException'{0x00000000c3d48500}> (0x00000000c3d48500) 
thrown [s\open\src\hotspot\share\prims\jni.cpp, line 517]
Event: 3.288 Thread 0x0000027f64686a20 Exception <a 'java/io/FileNotFoundException'{0x00000000c3d74938}> (0x00000000c3d74938) 
thrown [s\open\src\hotspot\share\prims\jni.cpp, line 517]
Event: 3.367 Thread 0x0000027f64686a20 Exception <a 'java/lang/NoSuchMethodError'{0x00000000c3ce11a8}: 'java.lang.Object java.lang.invoke.DirectMethodHandle$Holder.newInvokeSpecial(java.lang.Object, java.lang.Object, java.lang.Object, java.lang.Object, java.lang.Object)'> (0x00000000c3ce11a8) 
thrown [s\open\src\hotspot\share\interpreter\linkResolver.cpp, line 774]
Event: 3.373 Thread 0x0000027f64686a20 Exception <a 'java/lang/NoSuchMethodError'{0x00000000c3b12dc8}: 'java.lang.Object java.lang.invoke.DirectMethodHandle$Holder.invokeStatic(java.lang.Object, int, java.lang.Object)'> (0x00000000c3b12dc8) 
thrown [s\open\src\hotspot\share\interpreter\linkResolver.cpp, line 774]
Event: 3.401 Thread 0x0000027f64686a20 Exception <a 'java/lang/ClassNotFoundException'{0x00000000c3bd18d8}: com/sun/swing/internal/plaf/metal/resources/spi/metalProvider> (0x00000000c3bd18d8) 
thrown [s\open\src\hotspot\share\classfile\systemDictionary.cpp, line 255]
Event: 3.402 Thread 0x0000027f64686a20 Exception <a 'java/lang/ClassNotFoundException'{0x00000000c3bd55b8}: com/sun/swing/internal/plaf/basic/resources/spi/basicProvider> (0x00000000c3bd55b8) 
thrown [s\open\src\hotspot\share\classfile\systemDictionary.cpp, line 255]
Event: 3.413 Thread 0x0000027f08669b80 Exception <a 'java/lang/NoSuchMethodError'{0x00000000c3a0ca98}: 'java.lang.Object java.lang.invoke.DirectMethodHandle$Holder.newInvokeSpecial(java.lang.Object, java.lang.Object, java.lang.Object, int, int, int, int, int)'> (0x00000000c3a0ca98) 
thrown [s\open\src\hotspot\share\interpreter\linkResolver.cpp, line 774]
Event: 3.429 Thread 0x0000027f64686a20 Exception <a 'java/lang/NoSuchMethodError'{0x00000000c3a47c70}: 'int java.lang.invoke.Invokers$Holder.invokeExact_MT(java.lang.Object, java.lang.Object)'> (0x00000000c3a47c70) 
thrown [s\open\src\hotspot\share\interpreter\linkResolver.cpp, line 774]
Event: 3.493 Thread 0x0000027f08612560 Exception <a 'java/lang/NoSuchMethodError'{0x00000000c3c52678}: 'void java.lang.invoke.DirectMethodHandle$Holder.invokeVirtual(java.lang.Object, java.lang.Object)'> (0x00000000c3c52678) 
thrown [s\open\src\hotspot\share\interpreter\linkResolver.cpp, line 774]
Event: 3.504 Thread 0x0000027f64686a20 Exception <a 'java/lang/NoSuchMethodError'{0x00000000c3ac4610}: 'void java.lang.invoke.DirectMethodHandle$Holder.invokeStaticInit(java.lang.Object)'> (0x00000000c3ac4610) 
thrown [s\open\src\hotspot\share\interpreter\linkResolver.cpp, line 774]
Event: 3.587 Thread 0x0000027f64686a20 Exception <a 'java/lang/NoSuchMethodError'{0x00000000c393e150}: 'int java.lang.invoke.DirectMethodHandle$Holder.invokeStatic(java.lang.Object)'> (0x00000000c393e150) 
thrown [s\open\src\hotspot\share\interpreter\linkResolver.cpp, line 774]

VM Operations (20 events):
Event: 28.242 Executing VM operation: Cleanup done
Event: 30.242 Executing VM operation: Cleanup
Event: 30.243 Executing VM operation: Cleanup done
Event: 31.258 Executing VM operation: Cleanup
Event: 31.258 Executing VM operation: Cleanup done
Event: 32.274 Executing VM operation: Cleanup
Event: 32.274 Executing VM operation: Cleanup done
Event: 33.289 Executing VM operation: Cleanup
Event: 33.289 Executing VM operation: Cleanup done
Event: 34.289 Executing VM operation: Cleanup
Event: 34.290 Executing VM operation: Cleanup done
Event: 35.305 Executing VM operation: Cleanup
Event: 35.305 Executing VM operation: Cleanup done
Event: 36.305 Executing VM operation: Cleanup
Event: 36.305 Executing VM operation: Cleanup done
Event: 37.320 Executing VM operation: Cleanup
Event: 37.320 Executing VM operation: Cleanup done
Event: 38.336 Executing VM operation: Cleanup
Event: 38.336 Executing VM operation: Cleanup done
Event: 38.837 Executing VM operation: Exit

Events (20 events):
Event: 0.056 Thread 0x0000027f0447dca0 Thread added: 0x0000027f0447dca0
Event: 0.059 Thread 0x0000027f044a0f50 Thread added: 0x0000027f044a0f50
Event: 3.332 Thread 0x0000027f046d1800 Thread added: 0x0000027f046d1800
Event: 3.333 Thread 0x0000027f08610010 Thread added: 0x0000027f08610010
Event: 3.336 Thread 0x0000027f08612560 Thread added: 0x0000027f08612560
Event: 3.411 Thread 0x0000027f08669b80 Thread added: 0x0000027f08669b80
Event: 3.479 Thread 0x0000027f087c3c00 Thread added: 0x0000027f087c3c00
Event: 3.592 Thread 0x0000027f087eb790 Thread added: 0x0000027f087eb790
Event: 8.415 Thread 0x0000027f08669b80 Thread exited: 0x0000027f08669b80
Event: 17.977 Thread 0x0000027f001e7cf0 Thread added: 0x0000027f001e7cf0
Event: 18.039 Thread 0x0000027f64686a20 Thread exited: 0x0000027f64686a20
Event: 18.040 Thread 0x0000027f001e8790 Thread added: 0x0000027f001e8790
Event: 22.977 Thread 0x0000027f001e7cf0 Thread exited: 0x0000027f001e7cf0
Event: 38.730 Thread 0x0000027f001e8ce0 Thread added: 0x0000027f001e8ce0
Event: 38.730 Thread 0x0000027f001e77a0 Thread added: 0x0000027f001e77a0
Event: 38.730 Thread 0x0000027f001e77a0 Thread exited: 0x0000027f001e77a0
Event: 38.730 Thread 0x0000027f087eb790 Thread exited: 0x0000027f087eb790
Event: 38.770 Thread 0x0000027f08612560 Thread exited: 0x0000027f08612560
Event: 38.836 Thread 0x0000027f001e8ce0 Thread exited: 0x0000027f001e8ce0
Event: 38.837 Thread 0x0000027f00130140 Thread exited: 0x0000027f00130140


Dynamic libraries:
0x00007ff6a4d10000 - 0x00007ff6a4d20000 	C:\Program Files\Java\jdk-19\bin\java.exe
0x00007ffc1cc10000 - 0x00007ffc1ce08000 	C:\Windows\SYSTEM32\ntdll.dll
0x00007ffc1bdb0000 - 0x00007ffc1be6f000 	C:\Windows\System32\KERNEL32.DLL
0x00007ffc1a660000 - 0x00007ffc1a932000 	C:\Windows\System32\KERNELBASE.dll
0x00007ffc1a970000 - 0x00007ffc1aa70000 	C:\Windows\System32\ucrtbase.dll
0x00007ffc11e40000 - 0x00007ffc11e5b000 	C:\Program Files\Java\jdk-19\bin\VCRUNTIME140.dll
0x00007ffc0b7b0000 - 0x00007ffc0b7c8000 	C:\Program Files\Java\jdk-19\bin\jli.dll
0x00007ffc1ad50000 - 0x00007ffc1adfe000 	C:\Windows\System32\ADVAPI32.dll
0x00007ffc1bf50000 - 0x00007ffc1bfee000 	C:\Windows\System32\msvcrt.dll
0x00007ffc1ac50000 - 0x00007ffc1acec000 	C:\Windows\System32\sechost.dll
0x00007ffc1bff0000 - 0x00007ffc1c115000 	C:\Windows\System32\RPCRT4.dll
0x00007ffc1c650000 - 0x00007ffc1c7f1000 	C:\Windows\System32\USER32.dll
0x00007ffc04820000 - 0x00007ffc04aba000 	C:\Windows\WinSxS\amd64_microsoft.windows.common-controls_6595b64144ccf1df_6.0.19041.1110_none_60b5254171f9507e\COMCTL32.dll
0x00007ffc1ab20000 - 0x00007ffc1ab42000 	C:\Windows\System32\win32u.dll
0x00007ffc1bf20000 - 0x00007ffc1bf4b000 	C:\Windows\System32\GDI32.dll
0x00007ffc1a3a0000 - 0x00007ffc1a4af000 	C:\Windows\System32\gdi32full.dll
0x00007ffc1a300000 - 0x00007ffc1a39d000 	C:\Windows\System32\msvcp_win.dll
0x00007ffc13e10000 - 0x00007ffc13e1a000 	C:\Windows\SYSTEM32\VERSION.dll
0x00007ffc1b090000 - 0x00007ffc1b0c2000 	C:\Windows\System32\IMM32.DLL
0x00007ffc09d50000 - 0x00007ffc09d5c000 	C:\Program Files\Java\jdk-19\bin\vcruntime140_1.dll
0x00007ffbd8250000 - 0x00007ffbd82de000 	C:\Program Files\Java\jdk-19\bin\msvcp140.dll
0x00007ffbd7590000 - 0x00007ffbd8250000 	C:\Program Files\Java\jdk-19\bin\server\jvm.dll
0x00007ffc11a40000 - 0x00007ffc11a67000 	C:\Windows\SYSTEM32\WINMM.dll
0x00007ffc0bc80000 - 0x00007ffc0bc89000 	C:\Windows\SYSTEM32\WSOCK32.dll
0x00007ffc1c800000 - 0x00007ffc1c86b000 	C:\Windows\System32\WS2_32.dll
0x00007ffc181e0000 - 0x00007ffc181f2000 	C:\Windows\SYSTEM32\kernel.appcore.dll
0x00007ffc09d40000 - 0x00007ffc09d4a000 	C:\Program Files\Java\jdk-19\bin\jimage.dll
0x00007ffc0ce50000 - 0x00007ffc0d034000 	C:\Windows\SYSTEM32\DBGHELP.DLL
0x00007ffc0ce10000 - 0x00007ffc0ce45000 	C:\Windows\SYSTEM32\dbgcore.DLL
0x00007ffc1abc0000 - 0x00007ffc1ac42000 	C:\Windows\System32\bcryptPrimitives.dll
0x00007ffc09d10000 - 0x00007ffc09d36000 	C:\Program Files\Java\jdk-19\bin\java.dll
0x00007ffbd74b0000 - 0x00007ffbd7587000 	C:\Program Files\Java\jdk-19\bin\jsvml.dll
0x00007ffc1b4b0000 - 0x00007ffc1bbf4000 	C:\Windows\System32\SHELL32.dll
0x00007ffc183e0000 - 0x00007ffc18b72000 	C:\Windows\SYSTEM32\windows.storage.dll
0x00007ffc1c870000 - 0x00007ffc1cbc5000 	C:\Windows\System32\combase.dll
0x00007ffc19c80000 - 0x00007ffc19cb0000 	C:\Windows\SYSTEM32\Wldp.dll
0x00007ffc1b400000 - 0x00007ffc1b4ad000 	C:\Windows\System32\SHCORE.dll
0x00007ffc1acf0000 - 0x00007ffc1ad45000 	C:\Windows\System32\shlwapi.dll
0x00007ffc1a240000 - 0x00007ffc1a25f000 	C:\Windows\SYSTEM32\profapi.dll
0x00007ffbd7490000 - 0x00007ffbd74a3000 	C:\Program Files\Java\jdk-19\bin\net.dll
0x00007ffc12ac0000 - 0x00007ffc12bcc000 	C:\Windows\SYSTEM32\WINHTTP.dll
0x00007ffc199e0000 - 0x00007ffc19a4a000 	C:\Windows\system32\mswsock.dll
0x00007ffbd7470000 - 0x00007ffbd7486000 	C:\Program Files\Java\jdk-19\bin\nio.dll
0x00007ffbd7450000 - 0x00007ffbd7468000 	C:\Program Files\Java\jdk-19\bin\zip.dll
0x00007ffbd6e60000 - 0x00007ffbd7450000 	Z:\Thales\Demos_Apps\Modules\DemoModules\protected\sntljavaclsrt_x64.dll
0x00007ffc0d7c0000 - 0x00007ffc0d86c000 	C:\Windows\SYSTEM32\TextShaping.dll
0x00007ffc17d10000 - 0x00007ffc17dae000 	C:\Windows\system32\uxtheme.dll
0x00007ffc1b0d0000 - 0x00007ffc1b1e5000 	C:\Windows\System32\MSCTF.dll
0x00007ffc1afc0000 - 0x00007ffc1b08d000 	C:\Windows\System32\OLEAUT32.dll
0x00007ffc116b0000 - 0x00007ffc117a9000 	C:\Windows\SYSTEM32\textinputframework.dll
0x00007ffc17850000 - 0x00007ffc17942000 	C:\Windows\System32\CoreMessaging.dll
0x00007ffc174f0000 - 0x00007ffc1784e000 	C:\Windows\System32\CoreUIComponents.dll
0x00007ffc19440000 - 0x00007ffc19473000 	C:\Windows\SYSTEM32\ntmarta.dll
0x00007ffc16ca0000 - 0x00007ffc16df4000 	C:\Windows\SYSTEM32\wintypes.dll
0x00007ffc1b2d0000 - 0x00007ffc1b3fa000 	C:\Windows\System32\ole32.dll
0x00007ffc196d0000 - 0x00007ffc1970b000 	C:\Windows\SYSTEM32\IPHLPAPI.DLL
0x00007ffc15fe0000 - 0x00007ffc15ff4000 	C:\Windows\SYSTEM32\WTSAPI32.DLL
0x00007ffc19bf0000 - 0x00007ffc19bfc000 	C:\Windows\SYSTEM32\CRYPTBASE.DLL
0x00007ffc18b80000 - 0x00007ffc18b8d000 	C:\Windows\SYSTEM32\HID.DLL
0x00007ffc1c120000 - 0x00007ffc1c588000 	C:\Windows\System32\SETUPAPI.DLL
0x00007ffc1a610000 - 0x00007ffc1a65e000 	C:\Windows\System32\cfgmgr32.dll
0x00007ffc1a940000 - 0x00007ffc1a967000 	C:\Windows\System32\bcrypt.dll
0x00007ffc141d0000 - 0x00007ffc141ed000 	C:\Windows\SYSTEM32\DHCPCSVC.DLL
0x00007ffc1be70000 - 0x00007ffc1be78000 	C:\Windows\System32\PSAPI.DLL
0x00007ffc1be80000 - 0x00007ffc1be88000 	C:\Windows\System32\NSI.dll
0x00007ffc14390000 - 0x00007ffc143a7000 	C:\Windows\SYSTEM32\dhcpcsvc6.DLL
0x00007ffc19710000 - 0x00007ffc197da000 	C:\Windows\SYSTEM32\DNSAPI.dll
0x00007ffc19fd0000 - 0x00007ffc19ffc000 	C:\Windows\SYSTEM32\DEVOBJ.dll
0x00007ffc1ab50000 - 0x00007ffc1abb9000 	C:\Windows\System32\WINTRUST.dll
0x00007ffc1a4b0000 - 0x00007ffc1a606000 	C:\Windows\System32\CRYPT32.dll
0x00007ffc19e10000 - 0x00007ffc19e22000 	C:\Windows\SYSTEM32\MSASN1.dll
0x0000000010000000 - 0x0000000010055000 	Z:\Thales\Demos_Apps\Modules\DemoModules\protected\HASPJava_x64.dll
0x000000005f8b0000 - 0x000000005fd26000 	Z:\Thales\Demos_Apps\Modules\DemoModules\protected\hasp_windows_x64_demo.dll
0x00007ffc19bd0000 - 0x00007ffc19be8000 	C:\Windows\SYSTEM32\CRYPTSP.dll
0x00007ffc19300000 - 0x00007ffc19334000 	C:\Windows\system32\rsaenh.dll
0x00007ffc17c00000 - 0x00007ffc17c91000 	C:\Windows\system32\apphelp.dll
0x00007ffbd6620000 - 0x00007ffbd67b1000 	C:\Program Files\Java\jdk-19\bin\awt.dll
0x00007ffc18000000 - 0x00007ffc1802f000 	C:\Windows\system32\DWMAPI.DLL
0x00007ffbd6590000 - 0x00007ffbd6616000 	C:\Program Files\Java\jdk-19\bin\freetype.dll
0x00007ffbd64c0000 - 0x00007ffbd6586000 	C:\Program Files\Java\jdk-19\bin\fontmanager.dll
0x00007ffbd6390000 - 0x00007ffbd64b5000 	C:\Windows\system32\opengl32.dll
0x00007ffbd6360000 - 0x00007ffbd638c000 	C:\Windows\SYSTEM32\GLU32.dll
0x00007ffc12170000 - 0x00007ffc121ab000 	C:\Windows\SYSTEM32\dxcore.dll

dbghelp: loaded successfully - version: 4.0.5 - missing functions: none
symbol engine: initialized successfully - sym options: 0x614 - pdb path: .;C:\Program Files\Java\jdk-19\bin;C:\Windows\SYSTEM32;C:\Windows\WinSxS\amd64_microsoft.windows.common-controls_6595b64144ccf1df_6.0.19041.1110_none_60b5254171f9507e;C:\Program Files\Java\jdk-19\bin\server;Z:\Thales\Demos_Apps\Modules\DemoModules\protected

VM Arguments:
java_command: DemoModulesProtected.jar d1 p
java_class_path (initial): DemoModulesProtected.jar
Launcher Type: SUN_STANDARD

[Global flags]
     intx CICompilerCount                          = 3                                         {product} {ergonomic}
     uint ConcGCThreads                            = 1                                         {product} {ergonomic}
     uint G1ConcRefinementThreads                  = 4                                         {product} {ergonomic}
   size_t G1HeapRegionSize                         = 1048576                                   {product} {ergonomic}
    uintx GCDrainStackTargetSize                   = 64                                        {product} {ergonomic}
   size_t InitialHeapSize                          = 67108864                                  {product} {ergonomic}
   size_t MarkStackSize                            = 4194304                                   {product} {ergonomic}
   size_t MaxHeapSize                              = 1073741824                                {product} {ergonomic}
   size_t MaxNewSize                               = 643825664                                 {product} {ergonomic}
   size_t MinHeapDeltaBytes                        = 1048576                                   {product} {ergonomic}
   size_t MinHeapSize                              = 8388608                                   {product} {ergonomic}
    uintx NonNMethodCodeHeapSize                   = 5832780                                {pd product} {ergonomic}
    uintx NonProfiledCodeHeapSize                  = 122912730                              {pd product} {ergonomic}
    uintx ProfiledCodeHeapSize                     = 122912730                              {pd product} {ergonomic}
    uintx ReservedCodeCacheSize                    = 251658240                              {pd product} {ergonomic}
     bool SegmentedCodeCache                       = true                                      {product} {ergonomic}
   size_t SoftMaxHeapSize                          = 1073741824                             {manageable} {ergonomic}
     bool UseCompressedClassPointers               = true                           {product lp64_product} {ergonomic}
     bool UseCompressedOops                        = true                           {product lp64_product} {ergonomic}
     bool UseG1GC                                  = true                                      {product} {ergonomic}
     bool UseLargePagesIndividualAllocation        = false                                  {pd product} {ergonomic}

Logging:
Log output configuration:
 #0: stdout all=off uptime,level,tags foldmultilines=false
 #1: stderr all=off uptime,level,tags foldmultilines=false

Environment Variables:
PATH=C:\Program Files\Common Files\Oracle\Java\javapath;C:\Windows\system32;C:\Windows;C:\Windows\System32\Wbem;C:\Windows\System32\WindowsPowerShell\v1.0\;C:\Users\t0275593\AppData\Local\Microsoft\WindowsApps;
USERNAME=t0275593
OS=Windows_NT
PROCESSOR_IDENTIFIER=Intel64 Family 6 Model 141 Stepping 1, GenuineIntel
TMP=C:\Users\t0275593\AppData\Local\Temp
TEMP=C:\Users\t0275593\AppData\Local\Temp



---------------  S Y S T E M  ---------------

OS:
 Windows 10 , 64 bit Build 19041 (10.0.19041.2364)
OS uptime: 0 days 0:01 hours
VMWare virtualization detected

CPU: total 4 (initial active 4) (2 cores per cpu, 1 threads per core) family 6 model 141 stepping 1 microcode 0xffffffff, cx8, cmov, fxsr, mmx, 3dnowpref, sse, sse2, sse3, ssse3, sse4.1, sse4.2, popcnt, lzcnt, tsc, tscinvbit, avx, avx2, aes, erms, clmul, bmi1, bmi2, adx, avx512f, avx512dq, avx512cd, avx512bw, avx512vl, sha, fma, vzeroupper, avx512_vpopcntdq, avx512_vpclmulqdq, avx512_vaes, avx512_vnni, clflush, clflushopt, clwb, avx512_vbmi2, avx512_vbmi, hv, rdtscp, rdpid, fsrm, gfni, avx512_bitalg

Memory: 4k page, system-wide physical 4095M (2080M free)
TotalPageFile size 5503M (AvailPageFile size 3507M)
current process WorkingSet (physical memory assigned to process): 71M, peak: 110M
current process commit charge ("private bytes"): 150M, peak: 192M

vm_info: Java HotSpot(TM) 64-Bit Server VM (19.0.2+7-44) for windows-amd64 JRE (19.0.2+7-44), built on 2022-11-30T18:02:09Z by "mach5one" with MS VC++ 17.1 (VS2022)

END.
